#
# There is insufficient memory for the Java Runtime Environment to continue.
# Native memory allocation (malloc) failed to allocate 215216 bytes for Chunk::new
# Possible reasons:
#   The system is out of physical RAM or swap space
#   In 32 bit mode, the process size limit was hit
# Possible solutions:
#   Reduce memory load on the system
#   Increase physical memory or swap space
#   Check if swap backing store is full
#   Use 64 bit Java on a 64 bit OS
#   Decrease Java heap size (-Xmx/-Xms)
#   Decrease number of Java threads
#   Decrease Java thread stack sizes (-Xss)
#   Set larger code cache with -XX:ReservedCodeCacheSize=
# This output file may be truncated or incomplete.
#
#  Out of Memory Error (allocation.cpp:390), pid=14956, tid=0x0000000000003540
#
# JRE version: Java(TM) SE Runtime Environment (8.0_151-b12) (build 1.8.0_151-b12)
# Java VM: Java HotSpot(TM) 64-Bit Server VM (25.151-b12 mixed mode windows-amd64 compressed oops)
# Failed to write core dump. Minidumps are not enabled by default on client versions of Windows
#

---------------  T H R E A D  ---------------

Current thread (0x0000000015764800):  JavaThread "C2 CompilerThread1" daemon [_thread_in_native, id=13632, stack(0x0000000016ea0000,0x0000000016fa0000)]

Stack: [0x0000000016ea0000,0x0000000016fa0000]
[error occurred during error reporting (printing stack bounds), id 0xc0000005]

Native frames: (J=compiled Java code, j=interpreted, Vv=VM code, C=native code)


Current CompileTask:
C2:   2249  690   !   4       sun.font.TrueTypeFont::getTableBuffer (199 bytes)


---------------  P R O C E S S  ---------------

Java Threads: ( => current thread )
  0x0000000002f80800 JavaThread "DestroyJavaVM" [_thread_blocked, id=11008, stack(0x0000000002db0000,0x0000000002eb0000)]
  0x0000000018139000 JavaThread "TimerQueue" daemon [_thread_blocked, id=19600, stack(0x00000000189e0000,0x0000000018ae0000)]
  0x000000001812c800 JavaThread "Image Fetcher 3" daemon [_thread_blocked, id=20584, stack(0x00000000188e0000,0x00000000189e0000)]
  0x0000000017499800 JavaThread "AWT-EventQueue-0" [_thread_blocked, id=508, stack(0x0000000017fe0000,0x00000000180e0000)]
  0x000000001746d800 JavaThread "AWT-Windows" daemon [_thread_in_native, id=20056, stack(0x0000000017ad0000,0x0000000017bd0000)]
  0x000000001746d000 JavaThread "AWT-Shutdown" [_thread_blocked, id=19604, stack(0x00000000179d0000,0x0000000017ad0000)]
  0x0000000017469000 JavaThread "Java2D Disposer" daemon [_thread_blocked, id=17844, stack(0x00000000178d0000,0x00000000179d0000)]
  0x00000000170c8800 JavaThread "Service Thread" daemon [_thread_blocked, id=17548, stack(0x00000000174a0000,0x00000000175a0000)]
  0x000000001576b800 JavaThread "C1 CompilerThread2" daemon [_thread_in_native, id=15120, stack(0x0000000016fa0000,0x00000000170a0000)]
=>0x0000000015764800 JavaThread "C2 CompilerThread1" daemon [_thread_in_native, id=13632, stack(0x0000000016ea0000,0x0000000016fa0000)]
  0x000000001575d800 JavaThread "C2 CompilerThread0" daemon [_thread_in_native, id=20668, stack(0x0000000016da0000,0x0000000016ea0000)]
  0x000000001575c000 JavaThread "Attach Listener" daemon [_thread_blocked, id=18524, stack(0x0000000016ca0000,0x0000000016da0000)]
  0x000000001575a000 JavaThread "Signal Dispatcher" daemon [_thread_blocked, id=20568, stack(0x0000000016ba0000,0x0000000016ca0000)]
  0x000000000307b000 JavaThread "Finalizer" daemon [_thread_blocked, id=9372, stack(0x00000000169b0000,0x0000000016ab0000)]
  0x0000000003070000 JavaThread "Reference Handler" daemon [_thread_blocked, id=14168, stack(0x00000000168b0000,0x00000000169b0000)]

Other Threads:
  0x0000000015728000 VMThread [stack: 0x00000000167b0000,0x00000000168b0000] [id=19860]
  0x00000000170e4000 WatcherThread [stack: 0x00000000175a0000,0x00000000176a0000] [id=13044]

VM state:not at safepoint (normal execution)

VM Mutex/Monitor currently owned by a thread: None

Heap:
 PSYoungGen      total 18944K, used 8075K [0x00000000eb180000, 0x00000000ec680000, 0x0000000100000000)
  eden space 16384K, 33% used [0x00000000eb180000,0x00000000eb6e44f8,0x00000000ec180000)
  from space 2560K, 99% used [0x00000000ec180000,0x00000000ec3fea28,0x00000000ec400000)
  to   space 2560K, 0% used [0x00000000ec400000,0x00000000ec400000,0x00000000ec680000)
 ParOldGen       total 44032K, used 3143K [0x00000000c1400000, 0x00000000c3f00000, 0x00000000eb180000)
  object space 44032K, 7% used [0x00000000c1400000,0x00000000c1711d90,0x00000000c3f00000)
 Metaspace       used 9286K, capacity 9516K, committed 9728K, reserved 1058816K
  class space    used 1153K, capacity 1226K, committed 1280K, reserved 1048576K

Card table byte_map: [0x0000000012510000,0x0000000012710000] byte_map_base: 0x0000000011f06000

Marking Bits: (ParMarkBitMap*) 0x000000006017d850
 Begin Bits: [0x0000000012c60000, 0x0000000013c10000)
 End Bits:   [0x0000000013c10000, 0x0000000014bc0000)

Polling page: 0x00000000015b0000

CodeCache: size=245760Kb used=2731Kb max_used=2732Kb free=243028Kb
 bounds [0x0000000003150000, 0x0000000003400000, 0x0000000012150000]
 total_blobs=1142 nmethods=690 adapters=365
 compilation: enabled

Compilation events (10 events):
Event: 2.075 Thread 0x000000001576b800  687   !   3       sun.font.TrueTypeFont::getAllFullNames (33 bytes)
Event: 2.075 Thread 0x0000000015764800  690   !   4       sun.font.TrueTypeFont::getTableBuffer (199 bytes)
Event: 2.076 Thread 0x000000001576b800 nmethod 687 0x00000000033f85d0 code [0x00000000033f87a0, 0x00000000033f8f18]
Event: 2.076 Thread 0x000000001576b800  689  s    3       sun.font.FontFamily::addLocaleNames (45 bytes)
Event: 2.076 Thread 0x000000001576b800 nmethod 689 0x00000000033fc290 code [0x00000000033fc460, 0x00000000033fcc98]
Event: 2.076 Thread 0x000000001576b800  688   !   3       sun.font.TrueTypeFont::getAllFamilyNames (33 bytes)
Event: 2.077 Thread 0x000000001576b800 nmethod 688 0x00000000033fb5d0 code [0x00000000033fb7a0, 0x00000000033fbf18]
Event: 2.095 Thread 0x000000001576b800  691       1       java.util.concurrent.locks.AbstractQueuedSynchronizer::getState (5 bytes)
Event: 2.095 Thread 0x000000001576b800 nmethod 691 0x00000000033f9ed0 code [0x00000000033fa020, 0x00000000033fa130]
Event: 2.104 Thread 0x000000001575d800  692       4       java.util.HashMap::resize (359 bytes)

GC Heap History (2 events):
Event: 2.021 GC heap before
{Heap before GC invocations=1 (full 0):
 PSYoungGen      total 18944K, used 16384K [0x00000000eb180000, 0x00000000ec680000, 0x0000000100000000)
  eden space 16384K, 100% used [0x00000000eb180000,0x00000000ec180000,0x00000000ec180000)
  from space 2560K, 0% used [0x00000000ec400000,0x00000000ec400000,0x00000000ec680000)
  to   space 2560K, 0% used [0x00000000ec180000,0x00000000ec180000,0x00000000ec400000)
 ParOldGen       total 44032K, used 0K [0x00000000c1400000, 0x00000000c3f00000, 0x00000000eb180000)
  object space 44032K, 0% used [0x00000000c1400000,0x00000000c1400000,0x00000000c3f00000)
 Metaspace       used 9243K, capacity 9452K, committed 9728K, reserved 1058816K
  class space    used 1145K, capacity 1226K, committed 1280K, reserved 1048576K
Event: 2.027 GC heap after
Heap after GC invocations=1 (full 0):
 PSYoungGen      total 18944K, used 2554K [0x00000000eb180000, 0x00000000ec680000, 0x0000000100000000)
  eden space 16384K, 0% used [0x00000000eb180000,0x00000000eb180000,0x00000000ec180000)
  from space 2560K, 99% used [0x00000000ec180000,0x00000000ec3fea28,0x00000000ec400000)
  to   space 2560K, 0% used [0x00000000ec400000,0x00000000ec400000,0x00000000ec680000)
 ParOldGen       total 44032K, used 3143K [0x00000000c1400000, 0x00000000c3f00000, 0x00000000eb180000)
  object space 44032K, 7% used [0x00000000c1400000,0x00000000c1711d90,0x00000000c3f00000)
 Metaspace       used 9243K, capacity 9452K, committed 9728K, reserved 1058816K
  class space    used 1145K, capacity 1226K, committed 1280K, reserved 1048576K
}

Deoptimization events (10 events):
Event: 1.730 Thread 0x0000000017499800 Uncommon trap: reason=class_check action=maybe_recompile pc=0x00000000032bd1dc method=java.lang.String.equals(Ljava/lang/Object;)Z @ 8
Event: 1.730 Thread 0x0000000017499800 Uncommon trap: reason=class_check action=maybe_recompile pc=0x00000000032bd1dc method=java.lang.String.equals(Ljava/lang/Object;)Z @ 8
Event: 1.730 Thread 0x0000000017499800 Uncommon trap: reason=class_check action=maybe_recompile pc=0x00000000032bd1dc method=java.lang.String.equals(Ljava/lang/Object;)Z @ 8
Event: 1.730 Thread 0x0000000017499800 Uncommon trap: reason=class_check action=maybe_recompile pc=0x00000000032bd1dc method=java.lang.String.equals(Ljava/lang/Object;)Z @ 8
Event: 1.991 Thread 0x0000000017499800 Uncommon trap: reason=class_check action=maybe_recompile pc=0x0000000003375f7c method=java.util.HashMap.putVal(ILjava/lang/Object;Ljava/lang/Object;ZZ)Ljava/lang/Object; @ 203
Event: 1.991 Thread 0x0000000017499800 Uncommon trap: reason=class_check action=maybe_recompile pc=0x0000000003375f7c method=java.util.HashMap.putVal(ILjava/lang/Object;Ljava/lang/Object;ZZ)Ljava/lang/Object; @ 203
Event: 1.991 Thread 0x0000000017499800 Uncommon trap: reason=class_check action=maybe_recompile pc=0x0000000003375f7c method=java.util.HashMap.putVal(ILjava/lang/Object;Ljava/lang/Object;ZZ)Ljava/lang/Object; @ 203
Event: 1.991 Thread 0x0000000017499800 Uncommon trap: reason=class_check action=maybe_recompile pc=0x0000000003375f7c method=java.util.HashMap.putVal(ILjava/lang/Object;Ljava/lang/Object;ZZ)Ljava/lang/Object; @ 203
Event: 2.004 Thread 0x0000000017499800 Uncommon trap: reason=unstable_if action=reinterpret pc=0x0000000003322904 method=java.lang.CharacterData.of(I)Ljava/lang/CharacterData; @ 4
Event: 2.031 Thread 0x0000000017499800 Uncommon trap: reason=unstable_if action=reinterpret pc=0x00000000033d7e74 method=java.lang.Character.isSurrogate(C)Z @ 3

Internal exceptions (10 events):
Event: 1.203 Thread 0x0000000002f80800 Exception <a 'java/security/PrivilegedActionException'> (0x00000000eb2062b8) thrown at [C:\re\workspace\8-2-build-windows-amd64-cygwin\jdk8u151\9699\hotspot\src\share\vm\prims\jvm.cpp, line 1390]
Event: 1.203 Thread 0x0000000002f80800 Exception <a 'java/security/PrivilegedActionException'> (0x00000000eb2064c8) thrown at [C:\re\workspace\8-2-build-windows-amd64-cygwin\jdk8u151\9699\hotspot\src\share\vm\prims\jvm.cpp, line 1390]
Event: 1.205 Thread 0x0000000002f80800 Exception <a 'java/security/PrivilegedActionException'> (0x00000000eb20a138) thrown at [C:\re\workspace\8-2-build-windows-amd64-cygwin\jdk8u151\9699\hotspot\src\share\vm\prims\jvm.cpp, line 1390]
Event: 1.205 Thread 0x0000000002f80800 Exception <a 'java/security/PrivilegedActionException'> (0x00000000eb20a348) thrown at [C:\re\workspace\8-2-build-windows-amd64-cygwin\jdk8u151\9699\hotspot\src\share\vm\prims\jvm.cpp, line 1390]
Event: 1.215 Thread 0x0000000002f80800 Exception <a 'java/io/FileNotFoundException'> (0x00000000eb210aa0) thrown at [C:\re\workspace\8-2-build-windows-amd64-cygwin\jdk8u151\9699\hotspot\src\share\vm\prims\jni.cpp, line 709]
Event: 1.268 Thread 0x0000000002f80800 Exception <a 'java/lang/NoSuchFieldError': method resolution failed> (0x00000000eb330f58) thrown at [C:\re\workspace\8-2-build-windows-amd64-cygwin\jdk8u151\9699\hotspot\src\share\vm\prims\methodHandles.cpp, line 1146]
Event: 1.270 Thread 0x0000000002f80800 Exception <a 'java/lang/NoSuchFieldError': method resolution failed> (0x00000000eb33e328) thrown at [C:\re\workspace\8-2-build-windows-amd64-cygwin\jdk8u151\9699\hotspot\src\share\vm\prims\methodHandles.cpp, line 1146]
Event: 1.332 Thread 0x0000000002f80800 Exception <a 'java/io/FileNotFoundException'> (0x00000000eb3d2688) thrown at [C:\re\workspace\8-2-build-windows-amd64-cygwin\jdk8u151\9699\hotspot\src\share\vm\prims\jni.cpp, line 709]
Event: 1.495 Thread 0x000000001812c800 Exception <a 'java/lang/InterruptedException': sleep interrupted> (0x00000000eb5cdf40) thrown at [C:\re\workspace\8-2-build-windows-amd64-cygwin\jdk8u151\9699\hotspot\src\share\vm\prims\jvm.cpp, line 3180]
Event: 1.502 Thread 0x000000001812c800 Exception <a 'java/lang/InterruptedException': sleep interrupted> (0x00000000eb5fce18) thrown at [C:\re\workspace\8-2-build-windows-amd64-cygwin\jdk8u151\9699\hotspot\src\share\vm\prims\jvm.cpp, line 3180]

Events (10 events):
Event: 2.004 Thread 0x0000000017499800 DEOPT UNPACKING pc=0x000000000319582a sp=0x00000000180db9c0 mode 2
Event: 2.004 loading class java/lang/CharacterData00
Event: 2.005 loading class java/lang/CharacterData00 done
Event: 2.005 Executing VM operation: Deoptimize
Event: 2.005 Executing VM operation: Deoptimize done
Event: 2.021 Executing VM operation: ParallelGCFailedAllocation
Event: 2.027 Executing VM operation: ParallelGCFailedAllocation done
Event: 2.031 Thread 0x0000000017499800 Uncommon trap: trap_request=0xffffff65 fr.pc=0x00000000033d7e74
Event: 2.031 Thread 0x0000000017499800 DEOPT PACKING pc=0x00000000033d7e74 sp=0x00000000180db610
Event: 2.031 Thread 0x0000000017499800 DEOPT UNPACKING pc=0x000000000319582a sp=0x00000000180db538 mode 2


Dynamic libraries:
0x00007ff69c650000 - 0x00007ff69c687000 	C:\Program Files\Java\jre1.8.0_151\bin\javaw.exe
0x00007ff852390000 - 0x00007ff85256b000 	C:\WINDOWS\SYSTEM32\ntdll.dll
0x00007ff84fda0000 - 0x00007ff84fe4e000 	C:\WINDOWS\System32\KERNEL32.DLL
0x00007ff84ef80000 - 0x00007ff84f1c9000 	C:\WINDOWS\System32\KERNELBASE.dll
0x00007ff850990000 - 0x00007ff850a31000 	C:\WINDOWS\System32\ADVAPI32.dll
0x00007ff850780000 - 0x00007ff85081d000 	C:\WINDOWS\System32\msvcrt.dll
0x00007ff852330000 - 0x00007ff852389000 	C:\WINDOWS\System32\sechost.dll
0x00007ff84fc10000 - 0x00007ff84fd35000 	C:\WINDOWS\System32\RPCRT4.dll
0x00007ff8500a0000 - 0x00007ff8501ea000 	C:\WINDOWS\System32\USER32.dll
0x00007ff84f1d0000 - 0x00007ff84f1ee000 	C:\WINDOWS\System32\win32u.dll
0x00007ff84fa30000 - 0x00007ff84fa57000 	C:\WINDOWS\System32\GDI32.dll
0x00007ff84eda0000 - 0x00007ff84ef27000 	C:\WINDOWS\System32\gdi32full.dll
0x00007ff84ed00000 - 0x00007ff84ed9a000 	C:\WINDOWS\System32\msvcp_win.dll
0x00007ff84eba0000 - 0x00007ff84ec96000 	C:\WINDOWS\System32\ucrtbase.dll
0x00007ff847e30000 - 0x00007ff848097000 	C:\WINDOWS\WinSxS\amd64_microsoft.windows.common-controls_6595b64144ccf1df_6.0.15063.483_none_26002d27e7c744a2\COMCTL32.dll
0x00007ff850b50000 - 0x00007ff850e49000 	C:\WINDOWS\System32\combase.dll
0x00007ff84e8b0000 - 0x00007ff84e91a000 	C:\WINDOWS\System32\bcryptPrimitives.dll
0x00007ff850a40000 - 0x00007ff850a6d000 	C:\WINDOWS\System32\IMM32.DLL
0x0000000060b20000 - 0x0000000060bf2000 	C:\Program Files\Java\jre1.8.0_151\bin\msvcr100.dll
0x000000005f960000 - 0x00000000601fd000 	C:\Program Files\Java\jre1.8.0_151\bin\server\jvm.dll
0x00007ff850b40000 - 0x00007ff850b48000 	C:\WINDOWS\System32\PSAPI.DLL
0x00007ff84b530000 - 0x00007ff84b539000 	C:\WINDOWS\SYSTEM32\WSOCK32.dll
0x00007ff850ad0000 - 0x00007ff850b3c000 	C:\WINDOWS\System32\WS2_32.dll
0x00007ff84b9b0000 - 0x00007ff84b9d3000 	C:\WINDOWS\SYSTEM32\WINMM.dll
0x00007ff848350000 - 0x00007ff84835a000 	C:\WINDOWS\SYSTEM32\VERSION.dll
0x00007ff84ae50000 - 0x00007ff84ae7b000 	C:\WINDOWS\SYSTEM32\winmmbase.dll
0x00007ff84ef30000 - 0x00007ff84ef79000 	C:\WINDOWS\System32\cfgmgr32.dll
0x000000005f870000 - 0x000000005f87f000 	C:\Program Files\Java\jre1.8.0_151\bin\verify.dll
0x000000005f840000 - 0x000000005f869000 	C:\Program Files\Java\jre1.8.0_151\bin\java.dll
0x000000005f820000 - 0x000000005f836000 	C:\Program Files\Java\jre1.8.0_151\bin\zip.dll
0x00007ff850e50000 - 0x00007ff852287000 	C:\WINDOWS\System32\SHELL32.dll
0x00007ff84fe50000 - 0x00007ff84fefa000 	C:\WINDOWS\System32\shcore.dll
0x00007ff84f1f0000 - 0x00007ff84f8e1000 	C:\WINDOWS\System32\windows.storage.dll
0x00007ff8522c0000 - 0x00007ff852311000 	C:\WINDOWS\System32\shlwapi.dll
0x00007ff84e820000 - 0x00007ff84e831000 	C:\WINDOWS\System32\kernel.appcore.dll
0x00007ff84e860000 - 0x00007ff84e8ac000 	C:\WINDOWS\System32\powrprof.dll
0x00007ff84e800000 - 0x00007ff84e815000 	C:\WINDOWS\System32\profapi.dll
0x000000005f610000 - 0x000000005f7a8000 	C:\Program Files\Java\jre1.8.0_151\bin\awt.dll
0x00007ff84f970000 - 0x00007ff84fa30000 	C:\WINDOWS\System32\OLEAUT32.dll
0x00007ff84cf50000 - 0x00007ff84cfce000 	C:\WINDOWS\SYSTEM32\apphelp.dll
0x00007ff840bc0000 - 0x00007ff840bea000 	C:\WINDOWS\system32\DWMAPI.DLL
0x00007ff84d100000 - 0x00007ff84d195000 	C:\WINDOWS\system32\uxtheme.dll
0x00007ff841a90000 - 0x00007ff841bb1000 	C:\WINDOWS\system32\opengl32.dll
0x00007ff84a8b0000 - 0x00007ff84a8dc000 	C:\WINDOWS\SYSTEM32\GLU32.dll
0x00007ff850820000 - 0x00007ff850986000 	C:\WINDOWS\System32\MSCTF.dll
0x00007ff850630000 - 0x00007ff850775000 	C:\WINDOWS\System32\ole32.dll
0x0000000060ad0000 - 0x0000000060b17000 	C:\Program Files\Java\jre1.8.0_151\bin\fontmanager.dll
0x0000000060a90000 - 0x0000000060ac1000 	C:\Program Files\Java\jre1.8.0_151\bin\jpeg.dll
0x000000005f800000 - 0x000000005f81a000 	C:\Program Files\Java\jre1.8.0_151\bin\net.dll
0x00007ff84e0b0000 - 0x00007ff84e10c000 	C:\WINDOWS\system32\mswsock.dll
0x000000005f7e0000 - 0x000000005f7f1000 	C:\Program Files\Java\jre1.8.0_151\bin\nio.dll
0x000000005f5c0000 - 0x000000005f602000 	C:\Program Files\Java\jre1.8.0_151\bin\t2k.dll

VM Arguments:
jvm_args: -Dfile.encoding=Cp1252 
java_command: A1
java_class_path (initial): C:\Users\TAK\workspace\Tech Hunt\bin
Launcher Type: SUN_STANDARD

Environment Variables:
PATH=C:/Program Files/Java/jre1.8.0_151/bin/server;C:/Program Files/Java/jre1.8.0_151/bin;C:/Program Files/Java/jre1.8.0_151/lib/amd64;C:\ProgramData\Oracle\Java\javapath;C:\Program Files (x86)\Intel\iCLS Client\;C:\Program Files\Intel\iCLS Client\;C:\WINDOWS\system32;C:\WINDOWS;C:\WINDOWS\System32\Wbem;C:\WINDOWS\System32\WindowsPowerShell\v1.0\;C:\Program Files (x86)\Intel\Intel(R) Management Engine Components\DAL;C:\Program Files\Intel\Intel(R) Management Engine Components\DAL;C:\Program Files (x86)\Intel\Intel(R) Management Engine Components\IPT;C:\Program Files\Intel\Intel(R) Management Engine Components\IPT;C:\Program Files\MySQL\MySQL Utilities 1.6\;C:\Program Files\Common Files\Autodesk Shared\;C:\Program Files\Java\jdk1.8.0_131\bin;%USERPROFILE%\AppData\Local\Microsoft\WindowsApps;;G:\SoftWares\eclipse;
USERNAME=TAK
OS=Windows_NT
PROCESSOR_IDENTIFIER=Intel64 Family 6 Model 61 Stepping 4, GenuineIntel



---------------  S Y S T E M  ---------------

OS: Windows 10.0 , 64 bit Build 15063 (10.0.15063.296)

CPU:total 4 (initial active 4) (2 cores per cpu, 2 threads per core) family 6 model 61 stepping 4, cmov, cx8, fxsr, mmx, sse, sse2, sse3, ssse3, sse4.1, sse4.2, popcnt, avx, avx2, aes, clmul, erms, 3dnowpref, lzcnt, ht, tsc, tscinvbit, bmi1, bmi2, adx

Memory: 4k page, physical 4107668k(522432k free), swap 16690580k(6436k free)

vm_info: Java HotSpot(TM) 64-Bit Server VM (25.151-b12) for windows-amd64 JRE (1.8.0_151-b12), built on Sep  5 2017 19:33:46 by "java_re" with MS VC++ 10.0 (VS2010)

time: Thu Nov 16 21:26:27 2017
elapsed time: 2 seconds (0d 0h 0m 2s)

